<?xml version="1.0" encoding="UTF-8"?>
<!-- Generated by org.testng.reporters.JUnitReportReporter -->
<testsuite skipped="0" hostname="BLRDSPRASAD" name="com.hotelhub.powermode.tests.RegressionTest" tests="1" failures="0" timestamp="02 May 2019 05:52:28 GMT" time="29.711" errors="0">
  <testcase name="verificationOfPreviousBookingFilter" time="29.711" classname="com.hotelhub.powermode.tests.RegressionTest"/>
</testsuite> <!-- com.hotelhub.powermode.tests.RegressionTest -->
