<?xml version="1.0" encoding="UTF-8"?>
<!-- Generated by org.testng.reporters.JUnitReportReporter -->
<testsuite skipped="0" hostname="BLRDSPRASAD" name="com.hotelhub.powermode.tests.HotelBookingTest" tests="1" failures="0" timestamp="29 Apr 2019 11:59:21 GMT" time="99.312" errors="0">
  <testcase name="OnRequestBookingFulfillNow" time="99.312" classname="com.hotelhub.powermode.tests.HotelBookingTest"/>
</testsuite> <!-- com.hotelhub.powermode.tests.HotelBookingTest -->
