<?xml version="1.0" encoding="UTF-8"?>
<!-- Generated by org.testng.reporters.JUnitReportReporter -->
<testsuite skipped="0" hostname="BLRDSPRASAD" name="com.hotelhub.powermode.tests.RegressionTest" tests="1" failures="0" timestamp="02 May 2019 09:17:54 GMT" time="24.251" errors="0">
  <testcase name="verificationOfPreviousBookingFilter" time="24.251" classname="com.hotelhub.powermode.tests.RegressionTest"/>
</testsuite> <!-- com.hotelhub.powermode.tests.RegressionTest -->
