<?xml version="1.0" encoding="UTF-8"?>
<!-- Generated by org.testng.reporters.JUnitReportReporter -->
<testsuite skipped="0" hostname="BLRDSPRASAD" name="com.hotelhub.powermode.tests.HotelBookingTest" tests="1" failures="0" timestamp="02 May 2019 08:39:26 GMT" time="91.836" errors="0">
  <testcase name="BCOMbookingByAddingNewVISACard" time="91.836" classname="com.hotelhub.powermode.tests.HotelBookingTest"/>
</testsuite> <!-- com.hotelhub.powermode.tests.HotelBookingTest -->
